<?xml version="1.0" encoding="UTF-8"?>
<!-- Generated by org.testng.reporters.JUnitXMLReporter -->
<testsuite hostname="DESKTOP-LMLOJ2T" ignored="0" name="Default test" tests="8" failures="0" timestamp="2020-06-13T19:42:40 IST" time="39.98" errors="0">
  <testcase name="TC001_LoginToDemoWebshop" time="1.808" classname="com.demoworkshop.qa.Test.DemoWorkShop_End_To_End"/>
  <testcase name="TC002_Verify_Demowebshop_Homepage_IsDisplayed" time="0.234" classname="com.demoworkshop.qa.Test.DemoWorkShop_End_To_End"/>
  <testcase name="TC003_SelectBooks_From_BooksPage" time="5.684" classname="com.demoworkshop.qa.Test.DemoWorkShop_End_To_End"/>
  <testcase name="TC004_SelectDesktops_From_ComputersPage" time="7.452" classname="com.demoworkshop.qa.Test.DemoWorkShop_End_To_End"/>
  <testcase name="TC005_SelectJewelry_From_JewelryPage" time="4.72" classname="com.demoworkshop.qa.Test.DemoWorkShop_End_To_End"/>
  <testcase name="TC006_SelectGiftCard_From_GiftCardPage" time="7.779" classname="com.demoworkshop.qa.Test.DemoWorkShop_End_To_End"/>
  <testcase name="TC007_SelectShippingCart_From_DemoWebShop" time="11.046" classname="com.demoworkshop.qa.Test.DemoWorkShop_End_To_End"/>
  <testcase name="TC008_Select_Orders_From_DemoWebShop" time="0.114" classname="com.demoworkshop.qa.Test.DemoWorkShop_End_To_End"/>
</testsuite> <!-- Default test -->
